2020-01-13 12:33:15:3315 info: OPTIONS /api/posts?page=0&perPage=3 204 2.820 ms - 0
2020-01-13 12:33:35:3335 info: GET /api/posts?page=0&perPage=3 - - ms - -
2020-01-13 12:33:36:3336 info: OPTIONS /api/posts?page=0&perPage=3 204 0.168 ms - 0
2020-01-13 12:33:47:3347 info: GET /api/posts?page=0&perPage=3 - - ms - -
2020-01-13 12:33:48:3348 info: OPTIONS /api/posts?page=0&perPage=3 204 0.143 ms - 0
2020-01-13 12:34:11:3411 info: OPTIONS /api/login 204 0.091 ms - 0
2020-01-13 12:35:32:3532 info: OPTIONS /api/login 204 2.107 ms - 0
2020-01-13 12:35:32:3532 info: POST /api/login 200 269.525 ms - 201
2020-01-13 12:35:32:3532 info: OPTIONS /api/posts?page=0&perPage=3 204 0.156 ms - 0
2020-01-13 12:35:34:3534 info: GET /api/posts?page=0&perPage=3 200 1449.906 ms - 2409
2020-01-13 12:35:39:3539 info: OPTIONS /api/post 204 0.235 ms - 0
2020-01-13 12:35:39:3539 info: POST /api/post 200 474.934 ms - 1323
2020-01-13 12:35:42:3542 info: OPTIONS /api/user/5e0706709480041e4dd71fbe 204 0.203 ms - 0
2020-01-13 12:35:42:3542 info: GET /api/user/5e0706709480041e4dd71fbe 200 289.719 ms - 498
2020-01-13 12:35:49:3549 info: OPTIONS /api/post 204 0.151 ms - 0
2020-01-13 12:35:50:3550 info: POST /api/post 200 454.334 ms - 1323
2020-01-13 12:35:57:3557 info: OPTIONS /api/user/5e0706709480041e4dd71fbe 204 0.069 ms - 0
2020-01-13 12:35:58:3558 info: GET /api/user/5e0706709480041e4dd71fbe 200 289.463 ms - 498
2020-01-13 12:36:35:3635 info: OPTIONS /api/user/5e0706709480041e4dd71fbe 204 0.097 ms - 0
2020-01-13 12:36:35:3635 info: GET /api/user/5e0706709480041e4dd71fbe 304 289.159 ms - -
2020-01-13 12:37:15:3715 info: OPTIONS /api/posts?page=0&perPage=3 204 0.065 ms - 0
2020-01-13 12:37:17:3717 info: GET /api/posts?page=0&perPage=3 200 1487.209 ms - 3490
2020-01-13 12:37:26:3726 info: OPTIONS /api/posts?page=0&perPage=3 204 0.091 ms - 0
2020-01-13 12:37:27:3727 info: GET /api/posts?page=0&perPage=3 304 436.815 ms - -
2020-01-13 12:37:29:3729 info: OPTIONS /api/posts?page=1&perPage=3 204 0.130 ms - 0
2020-01-13 12:37:29:3729 info: GET /api/posts?page=1&perPage=3 200 437.785 ms - 2412
2020-01-13 12:37:31:3731 info: OPTIONS /api/posts?page=2&perPage=3 204 0.101 ms - 0
2020-01-13 12:37:32:3732 info: GET /api/posts?page=2&perPage=3 200 439.631 ms - 2411
2020-01-13 12:37:34:3734 info: OPTIONS /api/posts?page=3&perPage=3 204 0.103 ms - 0
2020-01-13 12:37:35:3735 info: GET /api/posts?page=3&perPage=3 200 439.342 ms - 3073
2020-01-13 12:37:36:3736 info: OPTIONS /api/posts?page=4&perPage=3 204 0.100 ms - 0
2020-01-13 12:37:37:3737 info: GET /api/posts?page=4&perPage=3 200 439.544 ms - 4296
2020-01-13 12:37:39:3739 info: OPTIONS /api/posts?page=5&perPage=3 204 0.102 ms - 0
2020-01-13 12:37:40:3740 info: GET /api/posts?page=5&perPage=3 200 439.649 ms - 4264
2020-01-13 12:37:41:3741 info: OPTIONS /api/posts?page=6&perPage=3 204 0.096 ms - 0
2020-01-13 12:37:41:3741 info: GET /api/posts?page=6&perPage=3 200 441.885 ms - 4608
2020-01-13 12:37:45:3745 info: OPTIONS /api/posts?page=7&perPage=3 204 0.096 ms - 0
2020-01-13 12:37:45:3745 info: GET /api/posts?page=7&perPage=3 200 440.024 ms - 4117
2020-01-13 12:38:24:3824 info: OPTIONS /api/posts?page=0&perPage=3 204 0.128 ms - 0
2020-01-13 12:38:25:3825 info: GET /api/posts?page=0&perPage=3 304 440.244 ms - -
2020-01-13 12:40:01:401 info: OPTIONS /api/post 204 0.099 ms - 0
2020-01-13 12:40:01:401 info: POST /api/post 200 454.618 ms - 1439
2020-01-13 12:42:23:4223 info: OPTIONS /api/posts?page=0&perPage=3 204 0.072 ms - 0
2020-01-13 12:42:23:4223 info: GET /api/posts?page=0&perPage=3 200 437.995 ms - 4149
2020-01-13 12:42:27:4227 info: GET /api/posts?page=0&perPage=3 304 438.896 ms - -
2020-01-13 12:48:47:4847 info: OPTIONS /api/user/5e0706709480041e4dd71fbe 204 0.106 ms - 0
2020-01-13 12:48:48:4848 info: GET /api/user/5e0706709480041e4dd71fbe 200 288.753 ms - 498
2020-01-13 12:49:08:498 info: OPTIONS /api/posts?page=0&perPage=3 204 0.094 ms - 0
2020-01-13 12:49:09:499 info: GET /api/posts?page=0&perPage=3 304 438.533 ms - -
2020-01-13 12:49:12:4912 info: OPTIONS /api/posts?page=1&perPage=3 204 0.114 ms - 0
2020-01-13 12:49:13:4913 info: GET /api/posts?page=1&perPage=3 200 440.024 ms - 2409
2020-01-13 12:49:18:4918 info: OPTIONS /api/login 204 0.095 ms - 0
2020-01-13 12:49:18:4918 info: POST /api/login 200 225.861 ms - 201
2020-01-13 12:51:39:5139 info: OPTIONS /api/post/5e1c3af1e722ec46f9506d1e/like 204 0.129 ms - 0
2020-01-13 12:51:40:5140 info: PUT /api/post/5e1c3af1e722ec46f9506d1e/like 200 454.346 ms - 957
2020-01-13 12:51:41:5141 info: OPTIONS /api/post/5e1c3af1e722ec46f9506d1e/dislike 204 0.092 ms - 0
2020-01-13 12:51:42:5142 info: PUT /api/post/5e1c3af1e722ec46f9506d1e/dislike 200 439.420 ms - 983
2020-01-13 12:51:44:5144 info: PUT /api/post/5e1c3af1e722ec46f9506d1e/dislike 200 442.274 ms - 957
2020-01-13 12:51:45:5145 info: OPTIONS /api/post/5e1c3af1e722ec46f9506d1e/like 204 0.124 ms - 0
2020-01-13 12:51:45:5145 info: PUT /api/post/5e1c3af1e722ec46f9506d1e/like 200 438.402 ms - 931
2020-01-13 12:51:48:5148 info: OPTIONS /api/post/5e1c39ebe722ec46f9506d1a/dislike 204 0.101 ms - 0
2020-01-13 12:51:49:5149 info: PUT /api/post/5e1c39ebe722ec46f9506d1a/dislike 200 436.081 ms - 841
2020-01-13 12:51:50:5150 info: OPTIONS /api/post/5e1c39ebe722ec46f9506d1a/like 204 0.095 ms - 0
2020-01-13 12:51:50:5150 info: PUT /api/post/5e1c39ebe722ec46f9506d1a/like 200 437.128 ms - 867
2020-01-13 12:51:53:5153 info: PUT /api/post/5e1c39ebe722ec46f9506d1a/dislike 200 439.396 ms - 841
2020-01-13 12:51:55:5155 info: OPTIONS /api/post/5e1c39ebe722ec46f9506d1a/like 204 0.131 ms - 0
2020-01-13 12:51:55:5155 info: PUT /api/post/5e1c39ebe722ec46f9506d1a/like 200 438.499 ms - 815
2020-01-13 12:52:00:520 info: OPTIONS /api/post/5e1c3af1e722ec46f9506d1e/dislike 204 0.118 ms - 0
2020-01-13 12:52:01:521 info: PUT /api/post/5e1c3af1e722ec46f9506d1e/dislike 200 435.710 ms - 957
2020-01-13 12:52:07:527 info: OPTIONS /api/posts?page=0&perPage=3 204 0.125 ms - 0
2020-01-13 12:52:08:528 info: GET /api/posts?page=0&perPage=3 200 437.891 ms - 4175
2020-01-13 12:52:10:5210 info: OPTIONS /api/post/5e1c3af1e722ec46f9506d1e/dislike 204 0.095 ms - 0
2020-01-13 12:52:11:5211 info: PUT /api/post/5e1c3af1e722ec46f9506d1e/dislike 200 439.209 ms - 931
2020-01-13 12:52:14:5214 info: PUT /api/post/5e1c3af1e722ec46f9506d1e/dislike 200 437.825 ms - 957
2020-01-13 12:52:16:5216 info: OPTIONS /api/post/5e1c3af1e722ec46f9506d1e/like 204 0.127 ms - 0
2020-01-13 12:52:17:5217 info: PUT /api/post/5e1c3af1e722ec46f9506d1e/like 200 437.889 ms - 983
2020-01-13 12:52:23:5223 info: OPTIONS /api/posts?page=1&perPage=3 204 0.125 ms - 0
2020-01-13 12:52:24:5224 info: GET /api/posts?page=1&perPage=3 304 436.943 ms - -
2020-01-13 12:52:26:5226 info: OPTIONS /api/posts?page=2&perPage=3 204 0.130 ms - 0
2020-01-13 12:52:27:5227 info: GET /api/posts?page=2&perPage=3 200 438.980 ms - 2412
2020-01-13 12:52:29:5229 info: OPTIONS /api/posts?page=3&perPage=3 204 0.132 ms - 0
2020-01-13 12:52:30:5230 info: GET /api/posts?page=3&perPage=3 200 438.062 ms - 2429
2020-01-13 12:52:32:5232 info: OPTIONS /api/posts?page=4&perPage=3 204 0.102 ms - 0
2020-01-13 12:52:33:5233 info: GET /api/posts?page=4&perPage=3 200 438.444 ms - 4320
2020-01-13 12:52:35:5235 info: OPTIONS /api/posts?page=5&perPage=3 204 0.131 ms - 0
2020-01-13 12:52:36:5236 info: GET /api/posts?page=5&perPage=3 200 435.472 ms - 4266
2020-01-13 12:52:39:5239 info: OPTIONS /api/posts?page=6&perPage=3 204 0.129 ms - 0
2020-01-13 12:52:39:5239 info: GET /api/posts?page=6&perPage=3 200 439.287 ms - 4542
2020-01-13 12:52:48:5248 info: OPTIONS /api/post/5e16d8bf9afab03836ea156b/dislike 204 0.115 ms - 0
2020-01-13 12:52:49:5249 info: PUT /api/post/5e16d8bf9afab03836ea156b/dislike 200 437.400 ms - 1132
2020-01-13 12:52:58:5258 info: OPTIONS /api/post/5e16d8bf9afab03836ea156b/like 204 0.093 ms - 0
2020-01-13 12:52:59:5259 info: PUT /api/post/5e16d8bf9afab03836ea156b/like 200 439.980 ms - 1159
2020-01-13 12:53:16:5316 info: OPTIONS /api/posts?page=0&perPage=3 204 0.073 ms - 0
2020-01-13 12:53:16:5316 info: GET /api/posts?page=0&perPage=3 200 436.031 ms - 4201
2020-01-13 12:53:24:5324 info: OPTIONS /api/posts?page=0&perPage=3 204 0.071 ms - 0
2020-01-13 12:53:25:5325 info: GET /api/posts?page=0&perPage=3 304 440.503 ms - -
2020-01-13 12:53:44:5344 info: OPTIONS /api/posts?page=0&perPage=3 204 0.096 ms - 0
2020-01-13 12:53:45:5345 info: GET /api/posts?page=0&perPage=3 304 447.216 ms - -
2020-01-13 12:53:52:5352 info: OPTIONS /api/posts?page=1&perPage=3 204 0.093 ms - 0
2020-01-13 12:53:52:5352 info: GET /api/posts?page=1&perPage=3 304 435.374 ms - -
2020-01-13 12:54:29:5429 info: OPTIONS /api/user/5e0707ea59a0aa220be082ec 204 0.069 ms - 0
2020-01-13 12:54:29:5429 info: GET /api/user/5e0707ea59a0aa220be082ec 200 290.032 ms - 467
2020-01-13 12:59:36:5936 info: GET / 404 1.981 ms - 139
